<?xml version="1.0" encoding="UTF-8"?>
<!-- Generated by org.testng.reporters.JUnitReportReporter -->
<testsuite hostname="DESKTOP-C4OJFH0" failures="0" tests="3" name="com.testvagrant.test.SongsPlaylistTest" time="0.023" errors="0" timestamp="2023-07-22T13:56:55 IST" skipped="0">
  <testcase classname="com.testvagrant.test.SongsPlaylistTest" name="testAddSongToPlaylist" time="0.014"/>
  <system-out/>
  <testcase classname="com.testvagrant.test.SongsPlaylistTest" name="testRemoveSongs" time="0.007"/>
  <system-out/>
  <testcase classname="com.testvagrant.test.SongsPlaylistTest" name="testRemoveSongForInvalidUserId" time="0.002"/>
  <system-out/>
</testsuite> <!-- com.testvagrant.test.SongsPlaylistTest -->
